This is pdfTeX, Version 3.14159265-2.6-1.40.20 (MiKTeX 2.9.7250 64-bit) (preloaded format=pdflatex 2020.1.7)  3 FEB 2020 06:05
entering extended mode
**./Lab2_report.tex
(Lab2_report.tex
LaTeX2e <2019-10-01> patch level 3
("C:\Program Files\MiKTeX 2.9\tex/latex/base\article.cls"
Document Class: article 2019/10/25 v1.4k Standard LaTeX document class
("C:\Program Files\MiKTeX 2.9\tex/latex/base\size10.clo"
File: size10.clo 2019/10/25 v1.4k Standard LaTeX file (size option)
)
\c@part=\count80
\c@section=\count81
\c@subsection=\count82
\c@subsubsection=\count83
\c@paragraph=\count84
\c@subparagraph=\count85
\c@figure=\count86
\c@table=\count87
\abovecaptionskip=\skip41
\belowcaptionskip=\skip42
\bibindent=\dimen102
)
("C:\Program Files\MiKTeX 2.9\tex/latex/siunitx\siunitx.sty"
("C:\Program Files\MiKTeX 2.9\tex/latex/l3kernel\expl3.sty"
Package: expl3 2019-11-07 L3 programming layer (loader) 

("C:\Program Files\MiKTeX 2.9\tex/latex/l3kernel\expl3-code.tex"
Package: expl3 2019-11-07 L3 programming layer (code)
\c_max_int=\count88
\l_tmpa_int=\count89
\l_tmpb_int=\count90
\g_tmpa_int=\count91
\g_tmpb_int=\count92
\l__seq_internal_a_int=\count93
\l__seq_internal_b_int=\count94
\g__kernel_prg_map_int=\count95
\c__ior_term_noprompt_ior=\count96
\c_log_iow=\count97
\l_iow_line_count_int=\count98
\l__iow_line_target_int=\count99
\l__iow_one_indent_int=\count100
\l__iow_indent_int=\count101
\c_zero_dim=\dimen103
\c_max_dim=\dimen104
\l_tmpa_dim=\dimen105
\l_tmpb_dim=\dimen106
\g_tmpa_dim=\dimen107
\g_tmpb_dim=\dimen108
\c_zero_skip=\skip43
\c_max_skip=\skip44
\l_tmpa_skip=\skip45
\l_tmpb_skip=\skip46
\g_tmpa_skip=\skip47
\g_tmpb_skip=\skip48
\c_zero_muskip=\muskip10
\c_max_muskip=\muskip11
\l_tmpa_muskip=\muskip12
\l_tmpb_muskip=\muskip13
\g_tmpa_muskip=\muskip14
\g_tmpb_muskip=\muskip15
\l_keys_choice_int=\count102
\l__intarray_loop_int=\count103
\c__intarray_sp_dim=\dimen109
\g__intarray_font_int=\count104
\c__fp_leading_shift_int=\count105
\c__fp_middle_shift_int=\count106
\c__fp_trailing_shift_int=\count107
\c__fp_big_leading_shift_int=\count108
\c__fp_big_middle_shift_int=\count109
\c__fp_big_trailing_shift_int=\count110
\c__fp_Bigg_leading_shift_int=\count111
\c__fp_Bigg_middle_shift_int=\count112
\c__fp_Bigg_trailing_shift_int=\count113
\c__kernel_randint_max_int=\count114
\g__fp_array_int=\count115
\l__fp_array_loop_int=\count116
\l__sort_length_int=\count117
\l__sort_min_int=\count118
\l__sort_top_int=\count119
\l__sort_max_int=\count120
\l__sort_true_max_int=\count121
\l__sort_block_int=\count122
\l__sort_begin_int=\count123
\l__sort_end_int=\count124
\l__sort_A_int=\count125
\l__sort_B_int=\count126
\l__sort_C_int=\count127
\l__str_internal_int=\count128
\c__str_replacement_char_int=\count129
\l__tl_analysis_normal_int=\count130
\l__tl_analysis_index_int=\count131
\l__tl_analysis_nesting_int=\count132
\l__tl_analysis_type_int=\count133
\l__regex_internal_a_int=\count134
\l__regex_internal_b_int=\count135
\l__regex_internal_c_int=\count136
\l__regex_balance_int=\count137
\l__regex_group_level_int=\count138
\l__regex_mode_int=\count139
\c__regex_cs_in_class_mode_int=\count140
\c__regex_cs_mode_int=\count141
\l__regex_catcodes_int=\count142
\l__regex_default_catcodes_int=\count143
\c__regex_catcode_D_int=\count144
\c__regex_catcode_S_int=\count145
\c__regex_catcode_L_int=\count146
\c__regex_catcode_O_int=\count147
\c__regex_catcode_A_int=\count148
\c__regex_all_catcodes_int=\count149
\l__regex_show_lines_int=\count150
\l__regex_min_state_int=\count151
\l__regex_max_state_int=\count152
\l__regex_left_state_int=\count153
\l__regex_right_state_int=\count154
\l__regex_capturing_group_int=\count155
\l__regex_min_pos_int=\count156
\l__regex_max_pos_int=\count157
\l__regex_curr_pos_int=\count158
\l__regex_start_pos_int=\count159
\l__regex_success_pos_int=\count160
\l__regex_curr_char_int=\count161
\l__regex_curr_catcode_int=\count162
\l__regex_last_char_int=\count163
\l__regex_case_changed_char_int=\count164
\l__regex_curr_state_int=\count165
\l__regex_step_int=\count166
\l__regex_min_active_int=\count167
\l__regex_max_active_int=\count168
\l__regex_replacement_csnames_int=\count169
\l__regex_match_count_int=\count170
\l__regex_min_submatch_int=\count171
\l__regex_submatch_int=\count172
\l__regex_zeroth_submatch_int=\count173
\g__regex_trace_regex_int=\count174
\c_empty_box=\box27
\l_tmpa_box=\box28
\l_tmpb_box=\box29
\g_tmpa_box=\box30
\g_tmpb_box=\box31
\l__box_top_dim=\dimen110
\l__box_bottom_dim=\dimen111
\l__box_left_dim=\dimen112
\l__box_right_dim=\dimen113
\l__box_top_new_dim=\dimen114
\l__box_bottom_new_dim=\dimen115
\l__box_left_new_dim=\dimen116
\l__box_right_new_dim=\dimen117
\l__box_internal_box=\box32
\l__coffin_internal_box=\box33
\l__coffin_internal_dim=\dimen118
\l__coffin_offset_x_dim=\dimen119
\l__coffin_offset_y_dim=\dimen120
\l__coffin_x_dim=\dimen121
\l__coffin_y_dim=\dimen122
\l__coffin_x_prime_dim=\dimen123
\l__coffin_y_prime_dim=\dimen124
\c_empty_coffin=\box34
\l__coffin_aligned_coffin=\box35
\l__coffin_aligned_internal_coffin=\box36
\l_tmpa_coffin=\box37
\l_tmpb_coffin=\box38
\g_tmpa_coffin=\box39
\g_tmpb_coffin=\box40
\l__coffin_bounding_shift_dim=\dimen125
\l__coffin_left_corner_dim=\dimen126
\l__coffin_right_corner_dim=\dimen127
\l__coffin_bottom_corner_dim=\dimen128
\l__coffin_top_corner_dim=\dimen129
\l__coffin_scaled_total_height_dim=\dimen130
\l__coffin_scaled_width_dim=\dimen131
\c__coffin_empty_coffin=\box41
\l__coffin_display_coffin=\box42
\l__coffin_display_coord_coffin=\box43
\l__coffin_display_pole_coffin=\box44
\l__coffin_display_offset_dim=\dimen132
\l__coffin_display_x_dim=\dimen133
\l__coffin_display_y_dim=\dimen134
\g__char_data_ior=\read1

("C:\Program Files\MiKTeX 2.9\tex/latex/l3kernel\l3deprecation.def"
File: l3deprecation.def 2019-04-06 v L3 Deprecated functions
))
("C:\Program Files\MiKTeX 2.9\tex/latex/l3backend\l3backend-pdfmode.def"
File: l3backend-pdfmode.def 2019-04-06 L3 backend support: PDF mode
\l__kernel_color_stack_int=\count175
\l__pdf_internal_box=\box45
))
("C:\Program Files\MiKTeX 2.9\tex/latex/l3packages/xparse\xparse.sty"
Package: xparse 2019-10-11 L3 Experimental document command parser
\l__xparse_current_arg_int=\count176
\g__xparse_grabber_int=\count177
\l__xparse_m_args_int=\count178
\l__xparse_v_nesting_int=\count179
)
Package: siunitx 2019/10/10 v2.7t A comprehensive (SI) units package

("C:\Program Files\MiKTeX 2.9\tex/latex/amsmath\amstext.sty"
Package: amstext 2000/06/29 v2.01 AMS text

("C:\Program Files\MiKTeX 2.9\tex/latex/amsmath\amsgen.sty"
File: amsgen.sty 1999/11/30 v2.0 generic functions
\@emptytoks=\toks14
\ex@=\dimen135
))
("C:\Program Files\MiKTeX 2.9\tex/latex/tools\array.sty"
Package: array 2019/08/31 v2.4l Tabular extension package (FMi)
\col@sep=\dimen136
\ar@mcellbox=\box46
\extrarowheight=\dimen137
\NC@list=\toks15
\extratabsurround=\skip49
\backup@length=\skip50
\ar@cellbox=\box47
)
("C:\Program Files\MiKTeX 2.9\tex/latex/l3packages/l3keys2e\l3keys2e.sty"
Package: l3keys2e 2019-10-11 LaTeX2e option processing using LaTeX3 keys
)
\l__siunitx_tmp_box=\box48
\l__siunitx_tmp_dim=\dimen138
\l__siunitx_tmp_int=\count180
\l__siunitx_number_mantissa_length_int=\count181
\l__siunitx_number_uncert_length_int=\count182
\l__siunitx_round_int=\count183
\l__siunitx_process_decimal_int=\count184
\l__siunitx_process_uncertainty_int=\count185
\l__siunitx_process_fixed_int=\count186
\l__siunitx_process_integer_min_int=\count187
\l__siunitx_process_precision_int=\count188
\l__siunitx_group_min_int=\count189
\l__siunitx_angle_marker_box=\box49
\l__siunitx_angle_unit_box=\box50
\l__siunitx_angle_marker_dim=\dimen139
\l__siunitx_angle_unit_dim=\dimen140
\l__siunitx_unit_int=\count190
\l__siunitx_unit_denominator_int=\count191
\l__siunitx_unit_numerator_int=\count192
\l__siunitx_unit_prefix_int=\count193
\l__siunitx_unit_prefix_base_int=\count194
\l__siunitx_unit_prefix_gram_int=\count195
\l__siunitx_number_product_int=\count196
\c__siunitx_one_fill_skip=\skip51
\l__siunitx_table_unit_align_skip=\skip52
\l__siunitx_table_exponent_dim=\dimen141
\l__siunitx_table_integer_dim=\dimen142
\l__siunitx_table_mantissa_dim=\dimen143
\l__siunitx_table_marker_dim=\dimen144
\l__siunitx_table_result_dim=\dimen145
\l__siunitx_table_uncert_dim=\dimen146
\l__siunitx_table_fill_pre_dim=\dimen147
\l__siunitx_table_fill_post_dim=\dimen148
\l__siunitx_table_fill_mid_dim=\dimen149
\l__siunitx_table_pre_box=\box51
\l__siunitx_table_post_box=\box52
\l__siunitx_table_mantissa_box=\box53
\l__siunitx_table_result_box=\box54
\l__siunitx_table_number_align_skip=\skip53
\l__siunitx_table_text_align_skip=\skip54

("C:\Program Files\MiKTeX 2.9\tex/latex/translator\translator.sty"
Package: translator 2019-05-31 v1.12a Easy translation of strings in LaTeX

("C:\Program Files\MiKTeX 2.9\tex/latex/graphics\keyval.sty"
Package: keyval 2014/10/28 v1.15 key=value parser (DPC)
\KV@toks@=\toks16
)))
("C:\Program Files\MiKTeX 2.9\tex/latex/graphics\graphicx.sty"
Package: graphicx 2017/06/01 v1.1a Enhanced LaTeX Graphics (DPC,SPQR)

("C:\Program Files\MiKTeX 2.9\tex/latex/graphics\graphics.sty"
Package: graphics 2019/11/01 v1.3d Standard LaTeX Graphics (DPC,SPQR)

("C:\Program Files\MiKTeX 2.9\tex/latex/graphics\trig.sty"
Package: trig 2016/01/03 v1.10 sin cos tan (DPC)
)
("C:\Program Files\MiKTeX 2.9\tex/latex/graphics-cfg\graphics.cfg"
File: graphics.cfg 2016/06/04 v1.11 sample graphics configuration
)
Package graphics Info: Driver file: pdftex.def on input line 105.

("C:\Program Files\MiKTeX 2.9\tex/latex/graphics-def\pdftex.def"
File: pdftex.def 2018/01/08 v1.0l Graphics/color driver for pdftex
))
\Gin@req@height=\dimen150
\Gin@req@width=\dimen151
)
("C:\Program Files\MiKTeX 2.9\tex/latex/natbib\natbib.sty"
Package: natbib 2010/09/13 8.31b (PWD, AO)
\bibhang=\skip55
\bibsep=\skip56
LaTeX Info: Redefining \cite on input line 694.
\c@NAT@ctr=\count197
)
("C:\Program Files\MiKTeX 2.9\tex/latex/amsmath\amsmath.sty"
Package: amsmath 2019/11/16 v2.17d AMS math features
\@mathmargin=\skip57

For additional information on amsmath, use the `?' option.
("C:\Program Files\MiKTeX 2.9\tex/latex/amsmath\amsbsy.sty"
Package: amsbsy 1999/11/29 v1.2d Bold Symbols
\pmbraise@=\dimen152
)
("C:\Program Files\MiKTeX 2.9\tex/latex/amsmath\amsopn.sty"
Package: amsopn 2016/03/08 v2.02 operator names
)
\inf@bad=\count198
LaTeX Info: Redefining \frac on input line 227.
\uproot@=\count199
\leftroot@=\count266
LaTeX Info: Redefining \overline on input line 389.
\classnum@=\count267
\DOTSCASE@=\count268
LaTeX Info: Redefining \ldots on input line 486.
LaTeX Info: Redefining \dots on input line 489.
LaTeX Info: Redefining \cdots on input line 610.
\Mathstrutbox@=\box55
\strutbox@=\box56
\big@size=\dimen153
LaTeX Font Info:    Redeclaring font encoding OML on input line 733.
LaTeX Font Info:    Redeclaring font encoding OMS on input line 734.
\macc@depth=\count269
\c@MaxMatrixCols=\count270
\dotsspace@=\muskip16
\c@parentequation=\count271
\dspbrk@lvl=\count272
\tag@help=\toks17
\row@=\count273
\column@=\count274
\maxfields@=\count275
\andhelp@=\toks18
\eqnshift@=\dimen154
\alignsep@=\dimen155
\tagshift@=\dimen156
\tagwidth@=\dimen157
\totwidth@=\dimen158
\lineht@=\dimen159
\@envbody=\toks19
\multlinegap=\skip58
\multlinetaggap=\skip59
\mathdisplay@stack=\toks20
LaTeX Info: Redefining \[ on input line 2858.
LaTeX Info: Redefining \] on input line 2859.
) (Lab2_report.aux)
\openout1 = `Lab2_report.aux'.

LaTeX Font Info:    Checking defaults for OML/cmm/m/it on input line 21.
LaTeX Font Info:    ... okay on input line 21.
LaTeX Font Info:    Checking defaults for T1/cmr/m/n on input line 21.
LaTeX Font Info:    ... okay on input line 21.
LaTeX Font Info:    Checking defaults for OT1/cmr/m/n on input line 21.
LaTeX Font Info:    ... okay on input line 21.
LaTeX Font Info:    Checking defaults for OMS/cmsy/m/n on input line 21.
LaTeX Font Info:    ... okay on input line 21.
LaTeX Font Info:    Checking defaults for OMX/cmex/m/n on input line 21.
LaTeX Font Info:    ... okay on input line 21.
LaTeX Font Info:    Checking defaults for U/cmr/m/n on input line 21.
LaTeX Font Info:    ... okay on input line 21.
Now handling font encoding TS1 ...
... processing UTF-8 mapping file for font encoding TS1
("C:\Program Files\MiKTeX 2.9\tex/latex/base\ts1enc.dfu"
File: ts1enc.dfu 2019/07/11 v1.2j UTF-8 support for inputenc
   defining Unicode char U+00A2 (decimal 162)
   defining Unicode char U+00A3 (decimal 163)
   defining Unicode char U+00A4 (decimal 164)
   defining Unicode char U+00A5 (decimal 165)
   defining Unicode char U+00A6 (decimal 166)
   defining Unicode char U+00A7 (decimal 167)
   defining Unicode char U+00A8 (decimal 168)
   defining Unicode char U+00A9 (decimal 169)
   defining Unicode char U+00AA (decimal 170)
   defining Unicode char U+00AC (decimal 172)
   defining Unicode char U+00AE (decimal 174)
   defining Unicode char U+00AF (decimal 175)
   defining Unicode char U+00B0 (decimal 176)
   defining Unicode char U+00B1 (decimal 177)
   defining Unicode char U+00B2 (decimal 178)
   defining Unicode char U+00B3 (decimal 179)
   defining Unicode char U+00B4 (decimal 180)
   defining Unicode char U+00B5 (decimal 181)
   defining Unicode char U+00B6 (decimal 182)
   defining Unicode char U+00B7 (decimal 183)
   defining Unicode char U+00B9 (decimal 185)
   defining Unicode char U+00BA (decimal 186)
   defining Unicode char U+00BC (decimal 188)
   defining Unicode char U+00BD (decimal 189)
   defining Unicode char U+00BE (decimal 190)
   defining Unicode char U+00D7 (decimal 215)
   defining Unicode char U+00F7 (decimal 247)
   defining Unicode char U+0192 (decimal 402)
   defining Unicode char U+02C7 (decimal 711)
   defining Unicode char U+02D8 (decimal 728)
   defining Unicode char U+02DD (decimal 733)
   defining Unicode char U+0E3F (decimal 3647)
   defining Unicode char U+2016 (decimal 8214)
   defining Unicode char U+2020 (decimal 8224)
   defining Unicode char U+2021 (decimal 8225)
   defining Unicode char U+2022 (decimal 8226)
   defining Unicode char U+2030 (decimal 8240)
   defining Unicode char U+2031 (decimal 8241)
   defining Unicode char U+203B (decimal 8251)
   defining Unicode char U+203D (decimal 8253)
   defining Unicode char U+2044 (decimal 8260)
   defining Unicode char U+204E (decimal 8270)
   defining Unicode char U+2052 (decimal 8274)
   defining Unicode char U+20A1 (decimal 8353)
   defining Unicode char U+20A4 (decimal 8356)
   defining Unicode char U+20A6 (decimal 8358)
   defining Unicode char U+20A9 (decimal 8361)
   defining Unicode char U+20AB (decimal 8363)
   defining Unicode char U+20AC (decimal 8364)
   defining Unicode char U+20B1 (decimal 8369)
   defining Unicode char U+2103 (decimal 8451)
   defining Unicode char U+2116 (decimal 8470)
   defining Unicode char U+2117 (decimal 8471)
   defining Unicode char U+211E (decimal 8478)
   defining Unicode char U+2120 (decimal 8480)
   defining Unicode char U+2122 (decimal 8482)
   defining Unicode char U+2126 (decimal 8486)
   defining Unicode char U+2127 (decimal 8487)
   defining Unicode char U+212E (decimal 8494)
   defining Unicode char U+2190 (decimal 8592)
   defining Unicode char U+2191 (decimal 8593)
   defining Unicode char U+2192 (decimal 8594)
   defining Unicode char U+2193 (decimal 8595)
   defining Unicode char U+2329 (decimal 9001)
   defining Unicode char U+232A (decimal 9002)
   defining Unicode char U+2422 (decimal 9250)
   defining Unicode char U+25E6 (decimal 9702)
   defining Unicode char U+25EF (decimal 9711)
   defining Unicode char U+266A (decimal 9834)
   defining Unicode char U+27E8 (decimal 10216)
   defining Unicode char U+27E9 (decimal 10217)
   defining Unicode char U+FEFF (decimal 65279)
)
("C:\Program Files\MiKTeX 2.9\tex/latex/translator\translator-basic-dictionary-
English.dict"
Dictionary: translator-basic-dictionary, Language: English 
)
("C:\Program Files\MiKTeX 2.9\tex/latex/siunitx\siunitx-abbreviations.cfg"
File: siunitx-abbreviations.cfg 2017/11/26 v2.7k siunitx: Abbreviated units
)
("C:\Program Files\MiKTeX 2.9\tex/context/base/mkii\supp-pdf.mkii"
[Loading MPS to PDF converter (version 2006.09.02).]
\scratchcounter=\count276
\scratchdimen=\dimen160
\scratchbox=\box57
\nofMPsegments=\count277
\nofMParguments=\count278
\everyMPshowfont=\toks21
\MPscratchCnt=\count279
\MPscratchDim=\dimen161
\MPnumerator=\count280
\makeMPintoPDFobject=\count281
\everyMPtoPDFconversion=\toks22
) ("C:\Program Files\MiKTeX 2.9\tex/latex/epstopdf-pkg\epstopdf-base.sty"
Package: epstopdf-base 2019/11/24 v2.7 Base part for package epstopdf

("C:\Program Files\MiKTeX 2.9\tex/generic/oberdiek\infwarerr.sty"
Package: infwarerr 2016/05/16 v1.4 Providing info/warning/error messages (HO)
)
("C:\Program Files\MiKTeX 2.9\tex/latex/oberdiek\grfext.sty"
Package: grfext 2016/05/16 v1.2 Manage graphics extensions (HO)

("C:\Program Files\MiKTeX 2.9\tex/generic/oberdiek\kvdefinekeys.sty"
Package: kvdefinekeys 2016/05/16 v1.4 Define keys (HO)

("C:\Program Files\MiKTeX 2.9\tex/generic/oberdiek\ltxcmds.sty"
Package: ltxcmds 2016/05/16 v1.23 LaTeX kernel commands for general use (HO)
)))
("C:\Program Files\MiKTeX 2.9\tex/latex/oberdiek\kvoptions.sty"
Package: kvoptions 2016/05/16 v3.12 Key value format for package options (HO)

("C:\Program Files\MiKTeX 2.9\tex/generic/oberdiek\kvsetkeys.sty"
Package: kvsetkeys 2016/05/16 v1.17 Key value parser (HO)

("C:\Program Files\MiKTeX 2.9\tex/generic/oberdiek\etexcmds.sty"
Package: etexcmds 2016/05/16 v1.6 Avoid name clashes with e-TeX commands (HO)

("C:\Program Files\MiKTeX 2.9\tex/generic/iftex\ifluatex.sty"
Package: ifluatex 2019/10/25 v1.5 ifluatex legacy package. Use iftex instead.

("C:\Program Files\MiKTeX 2.9\tex/generic/iftex\iftex.sty"
Package: iftex 2019/11/07 v1.0c TeX engine tests
)))))
("C:\Program Files\MiKTeX 2.9\tex/latex/pdftexcmds\pdftexcmds.sty"
Package: pdftexcmds 2019/11/24 v0.31 Utility functions of pdfTeX for LuaTeX (HO
)
Package pdftexcmds Info: \pdf@primitive is available.
Package pdftexcmds Info: \pdf@ifprimitive is available.
Package pdftexcmds Info: \pdfdraftmode found.
)
Package epstopdf-base Info: Redefining graphics rule for `.eps' on input line 4
42.
Package grfext Info: Graphics extension search list:
(grfext)             [.pdf,.png,.jpg,.mps,.jpeg,.jbig2,.jb2,.PDF,.PNG,.JPG,.JPE
G,.JBIG2,.JB2,.eps]
(grfext)             \AppendGraphicsExtensions on input line 460.
)
(Lab2_report.toc)
\tf@toc=\write3
\openout3 = `Lab2_report.toc'.

 [1

{C:/Users/Maciek/AppData/Local/MiKTeX/2.9/pdftex/config/pdftex.map}]
Overfull \hbox (22.41747pt too wide) in paragraph at lines 30--32
\OT1/cmr/m/n/10 Dataset con-sists of 6 kinds of leaves(442): cir-ci-na-tum(66),
 gar-ryana(84), glabrum(75),
 []

[2]
Overfull \hbox (90.7462pt too wide) in paragraph at lines 89--89
[]\OT1/cmtt/m/n/10 hist  = cv2.calcHist([image], [0, 1, 2], None, [8, 8, 8], [0
, 256, 0, 256, 0, 256])[] 
 []


Overfull \hbox (74.99634pt too wide) in paragraph at lines 108--108
[]\OT1/cmtt/m/n/10 lbp = feature.local_binary_pattern(gray, LBPpoints, LBPradiu
s, method="uniform")[] 
 []


Overfull \hbox (158.9956pt too wide) in paragraph at lines 108--108
[]\OT1/cmtt/m/n/10 (hist, _) = np.histogram(lbp.ravel(), bins=np.arange(0,LBPpo
ints + 3), range=(0, LBPpoints + 2))[] 
 []

[3] [4]
Overfull \hbox (137.99579pt too wide) in paragraph at lines 170--170
[]\OT1/cmtt/m/n/10 cv_results = cross_val_score(model, glob_features, global_la
bels, cv=kfold, scoring=scoring)[] 
 []

[5]
Overfull \hbox (195.74529pt too wide) in paragraph at lines 233--233
[]\OT1/cmtt/m/n/10 test_global_feature = np.hstack([fv_orb, fv_zernike, fv_lbp,
 fv_histogram, fv_haralick, fv_hu_moments])[] 
 []


Overfull \hbox (179.99542pt too wide) in paragraph at lines 233--233
[]\OT1/cmtt/m/n/10 cv2.putText(image, train_labels[prediction], (20,30), cv2.FO
NT_HERSHEY_SIMPLEX, 1.0, (0,255,255), 3)[] 
 []


Underfull \hbox (badness 10000) in paragraph at lines 237--238

 []

[6]
Overfull \hbox (110.8329pt too wide) in paragraph at lines 239--259
[][]
 []


Underfull \hbox (badness 10000) in paragraph at lines 239--259

 []


Underfull \hbox (badness 10000) in paragraph at lines 239--259

 []

<./images/MLtest.jpg, id=26, 370.0224pt x 370.0224pt>
File: ./images/MLtest.jpg Graphic file (type jpg)
<use ./images/MLtest.jpg>
Package pdftex.def Info: ./images/MLtest.jpg  used on input line 267.
(pdftex.def)             Requested size: 227.62204pt x 227.6217pt.
<./images/ML.jpg, id=27, 513.92pt x 513.92pt>
File: ./images/ML.jpg Graphic file (type jpg)
<use ./images/ML.jpg>
Package pdftex.def Info: ./images/ML.jpg  used on input line 268.
(pdftex.def)             Requested size: 227.62204pt x 227.62328pt.

LaTeX Warning: `h' float specifier changed to `ht'.

[7]
Overfull \hbox (90.7462pt too wide) in paragraph at lines 520--520
[]\OT1/cmtt/m/n/10 from sklearn.metrics import confusion_matrix, accuracy_score
, classification_report[] 
 []

[8]
Overfull \hbox (90.7462pt too wide) in paragraph at lines 520--520
[]\OT1/cmtt/m/n/10 hist  = cv2.calcHist([image], [0, 1, 2], None, [8, 8, 8], [0
, 256, 0, 256, 0, 256])[] 
 []


Overfull \hbox (74.99634pt too wide) in paragraph at lines 520--520
[]\OT1/cmtt/m/n/10 lbp = feature.local_binary_pattern(gray, LBPpoints, LBPradiu
s, method="uniform")[] 
 []


Overfull \hbox (158.9956pt too wide) in paragraph at lines 520--520
[]\OT1/cmtt/m/n/10 (hist, _) = np.histogram(lbp.ravel(), bins=np.arange(0,LBPpo
ints + 3), range=(0, LBPpoints + 2))[] 
 []

[9] [10]
Overfull \hbox (211.49515pt too wide) in paragraph at lines 520--520
[]\OT1/cmtt/m/n/10 global_feature = np.hstack([fv_orb, fv_hog, fv_zernike, fv_l
bp, fv_histogram, fv_haralick, fv_hu_moments])[] 
 []


Overfull \hbox (74.99634pt too wide) in paragraph at lines 520--520
[]\OT1/cmtt/m/n/10 print("[STATUS] feature vector size {}".format(np.array(glob
al_features).shape))[] 
 []


Overfull \hbox (6.74693pt too wide) in paragraph at lines 520--520
[]\OT1/cmtt/m/n/10 print("[STATUS] training Labels {}".format(np.array(labels).
shape))[] 
 []


Overfull \hbox (38.24666pt too wide) in paragraph at lines 520--520
[]\OT1/cmtt/m/n/10 model = RandomForestClassifier(n_estimators=num_trees, rando
m_state=seed)[] 
 []


Overfull \hbox (137.99579pt too wide) in paragraph at lines 520--520
[]\OT1/cmtt/m/n/10 cv_results = cross_val_score(model, glob_features, global_la
bels, cv=kfold, scoring=scoring)[] 
 []

[11]
Overfull \hbox (237.74492pt too wide) in paragraph at lines 520--520
[]\OT1/cmtt/m/n/10 test_global_feature = np.hstack([fv_orb, fv_hog, fv_zernike,
 fv_lbp, fv_histogram, fv_haralick, fv_hu_moments])[] 
 []


Overfull \hbox (179.99542pt too wide) in paragraph at lines 520--520
[]\OT1/cmtt/m/n/10 cv2.putText(image, train_labels[prediction], (20,30), cv2.FO
NT_HERSHEY_SIMPLEX, 1.0, (0,255,255), 3)[] 
 []

[12]
Overfull \hbox (300.74437pt too wide) in paragraph at lines 544--544
[]\OT1/cmtt/m/n/10 https://gogul.dev/software/image-classification-python?fbcli
d=IwAR1gbnXYX5ZqSjzq7etUDlsJ-cs9o3mhOcvoN2-xvpaXoQtPqaPNW_Cs5mM[] 
 []


Overfull \hbox (17.24684pt too wide) in paragraph at lines 544--544
[]\OT1/cmtt/m/n/10 https://www.learnopencv.com/shape-matching-using-hu-moments-
c-python/[] 
 []


Overfull \hbox (27.74675pt too wide) in paragraph at lines 544--544
[]\OT1/cmtt/m/n/10 http://wiki.awf.forst.uni-goettingen.de/wiki/index.php/Haral
ick_Texture[] 
 []


Overfull \hbox (164.24556pt too wide) in paragraph at lines 544--544
[]\OT1/cmtt/m/n/10 https://software.intel.com/en-us/ipp-dev-reference-histogram
-of-oriented-gradients-hog-descriptor[] 
 []


Overfull \hbox (258.74474pt too wide) in paragraph at lines 544--544
[]\OT1/cmtt/m/n/10 https://www.pyimagesearch.com/2014/04/07/building-pokedex-py
thon-indexing-sprites-using-shape-descriptors-step-3-6/[] 
 []


Overfull \hbox (85.49625pt too wide) in paragraph at lines 544--544
[]\OT1/cmtt/m/n/10 https://www.pyimagesearch.com/2015/12/07/local-binary-patter
ns-with-python-opencv/[] 
 []


Overfull \hbox (195.74529pt too wide) in paragraph at lines 544--544
[]\OT1/cmtt/m/n/10 https://gurus.pyimagesearch.com/lesson-sample-histogram-of-o
riented-gradients-and-car-logo-recognition/[] 
 []

[13] [14 <./images/MLtest.jpg> <./images/ML.jpg>] (Lab2_report.aux) ) 
Here is how much of TeX's memory you used:
 15036 strings out of 492484
 299952 string characters out of 3131049
 339466 words of memory out of 3000000
 19311 multiletter control sequences out of 15000+200000
 540542 words of font info for 55 fonts, out of 3000000 for 9000
 1141 hyphenation exceptions out of 8191
 55i,8n,67p,701b,492s stack positions out of 5000i,500n,10000p,200000b,50000s
<C:/Progra
m Files/MiKTeX 2.9/fonts/type1/public/amsfonts/cm/cmbx10.pfb><C:/Program Files/
MiKTeX 2.9/fonts/type1/public/amsfonts/cm/cmbx12.pfb><C:/Program Files/MiKTeX 2
.9/fonts/type1/public/amsfonts/cm/cmr10.pfb><C:/Program Files/MiKTeX 2.9/fonts/
type1/public/amsfonts/cm/cmr12.pfb><C:/Program Files/MiKTeX 2.9/fonts/type1/pub
lic/amsfonts/cm/cmr17.pfb><C:/Program Files/MiKTeX 2.9/fonts/type1/public/amsfo
nts/cm/cmtt10.pfb>
Output written on Lab2_report.pdf (14 pages, 173712 bytes).
PDF statistics:
 74 PDF objects out of 1000 (max. 8388607)
 0 named destinations out of 1000 (max. 500000)
 11 words of extra memory for PDF output out of 10000 (max. 10000000)

